0 info it worked if it ends with ok
1 verbose cli [ 'C:\\Program Files (x86)\\nodejs\\node.exe',
1 verbose cli   'C:\\Users\\glail\\AppData\\Roaming\\npm\\node_modules\\npm\\bin\\npm-cli.js',
1 verbose cli   'run',
1 verbose cli   'serve' ]
2 info using npm@4.0.5
3 info using node@v6.9.4
4 verbose run-script [ 'preserve', 'serve', 'postserve' ]
5 info lifecycle taskboard@1.0.0~preserve: taskboard@1.0.0
6 silly lifecycle taskboard@1.0.0~preserve: no script for preserve, continuing
7 info lifecycle taskboard@1.0.0~serve: taskboard@1.0.0
8 verbose lifecycle taskboard@1.0.0~serve: unsafe-perm in lifecycle true
9 verbose lifecycle taskboard@1.0.0~serve: PATH: C:\Users\glail\AppData\Roaming\npm\node_modules\npm\bin\node-gyp-bin;C:\Users\glail\workspace\FA7\TaskBoard\node_modules\.bin;C:\Users\glail\AppData\Roaming\npm\node_modules\npm\bin\node-gyp-bin;C:\Users\glail\workspace\FA7\TaskBoard\node_modules\.bin;C:\Cmder\bin;C:\Cmder\vendor\conemu-maximus5\ConEmu\Scripts;C:\Cmder\vendor\conemu-maximus5;C:\Cmder\vendor\conemu-maximus5\ConEmu;C:\Program Files\RA2HP\;C:\Program Files\ImageMagick-6.9.3-Q16-HDRI;C:\ProgramData\Oracle\Java\javapath;C:\Program Files (x86)\Intel\iCLS Client\;C:\Program Files\Intel\iCLS Client\;C:\windows\system32;C:\windows;C:\windows\System32\Wbem;C:\windows\System32\WindowsPowerShell\v1.0\;C:\Program Files (x86)\NVIDIA Corporation\PhysX\Common;C:\Program Files (x86)\Skype\Phone\;C:\Program Files\Microsoft SQL Server\120\Tools\Binn\;C:\Program Files\Microsoft SQL Server\130\Tools\Binn\;C:\WINDOWS\system32;C:\WINDOWS;C:\WINDOWS\System32\Wbem;C:\WINDOWS\System32\WindowsPowerShell\v1.0\;C:\Python27;C:\Program Files\Samsung\SamsungLink\AllShare Framework DMS\bin\;C:\Program Files (x86)\Microsoft Emulator Manager\1.0\;C:\Program Files (x86)\Windows Kits\10\Windows Performance Toolkit\;C:\Program Files\Git\cmd;C:\Program Files (x86)\nodejs\;C:\php-7.1.0-nts-Win32-VC14-x86;C:\Maven\apache-maven-3.3.9\bin;C:\Program Files (x86)\Java\jdk1.8.0_77/bin;%M2_HOME%/bin;C:\apache-ant-1.10.0/bin;;C:\Program Files (x86)\Microsoft VS Code\bin;C:\Users\glail\AppData\Local\Microsoft\WindowsApps;c:\TotalCross3\dist\vm\win32;C:\Users\glail\AppData\Roaming\npm;C:\Program Files\Git\usr\bin;C:\Program Files\Git\usr\share\vim\vim74;C:\Cmder\
10 verbose lifecycle taskboard@1.0.0~serve: CWD: C:\Users\glail\workspace\FA7\TaskBoard
11 silly lifecycle taskboard@1.0.0~serve: Args: [ '/d /s /c', 'lite-server -c=bs-config.json' ]
12 silly lifecycle taskboard@1.0.0~serve: Returned: code: 1  signal: null
13 info lifecycle taskboard@1.0.0~serve: Failed to exec serve script
14 verbose stack Error: taskboard@1.0.0 serve: `lite-server -c=bs-config.json`
14 verbose stack Exit status 1
14 verbose stack     at EventEmitter.<anonymous> (C:\Users\glail\AppData\Roaming\npm\node_modules\npm\lib\utils\lifecycle.js:279:16)
14 verbose stack     at emitTwo (events.js:106:13)
14 verbose stack     at EventEmitter.emit (events.js:191:7)
14 verbose stack     at ChildProcess.<anonymous> (C:\Users\glail\AppData\Roaming\npm\node_modules\npm\lib\utils\spawn.js:40:14)
14 verbose stack     at emitTwo (events.js:106:13)
14 verbose stack     at ChildProcess.emit (events.js:191:7)
14 verbose stack     at maybeClose (internal/child_process.js:877:16)
14 verbose stack     at Process.ChildProcess._handle.onexit (internal/child_process.js:226:5)
15 verbose pkgid taskboard@1.0.0
16 verbose cwd C:\Users\glail\workspace\FA7\TaskBoard
17 error Windows_NT 10.0.14393
18 error argv "C:\\Program Files (x86)\\nodejs\\node.exe" "C:\\Users\\glail\\AppData\\Roaming\\npm\\node_modules\\npm\\bin\\npm-cli.js" "run" "serve"
19 error node v6.9.4
20 error npm  v4.0.5
21 error code ELIFECYCLE
22 error taskboard@1.0.0 serve: `lite-server -c=bs-config.json`
22 error Exit status 1
23 error Failed at the taskboard@1.0.0 serve script 'lite-server -c=bs-config.json'.
23 error Make sure you have the latest version of node.js and npm installed.
23 error If you do, this is most likely a problem with the taskboard package,
23 error not with npm itself.
23 error Tell the author that this fails on your system:
23 error     lite-server -c=bs-config.json
23 error You can get information on how to open an issue for this project with:
23 error     npm bugs taskboard
23 error Or if that isn't available, you can get their info via:
23 error     npm owner ls taskboard
23 error There is likely additional logging output above.
24 verbose exit [ 1, true ]
